<?xml version="1.0" encoding="UTF-8"?>
<coverage generated="1737155926671" clover="3.2.0">
  <project timestamp="1737155926671" name="All files">
    <metrics statements="21" coveredstatements="20" conditionals="12" coveredconditionals="7" methods="6" coveredmethods="6" elements="39" coveredelements="33" complexity="0" loc="21" ncloc="21" packages="4" files="4" classes="4"/>
    <package name="components.ui.Button">
      <metrics statements="6" coveredstatements="6" conditionals="2" coveredconditionals="2" methods="1" coveredmethods="1"/>
      <file name="Button.tsx" path="/Users/maxi/Desktop/Cursor/workpod/frontend/src/components/ui/Button/Button.tsx">
        <metrics statements="6" coveredstatements="6" conditionals="2" coveredconditionals="2" methods="1" coveredmethods="1"/>
        <line num="1" count="1" type="stmt"/>
        <line num="2" count="1" type="stmt"/>
        <line num="3" count="1" type="stmt"/>
        <line num="5" count="1" type="stmt"/>
        <line num="42" count="4" type="stmt"/>
        <line num="57" count="1" type="stmt"/>
      </file>
    </package>
    <package name="lib">
      <metrics statements="4" coveredstatements="4" conditionals="0" coveredconditionals="0" methods="1" coveredmethods="1"/>
      <file name="utils.ts" path="/Users/maxi/Desktop/Cursor/workpod/frontend/src/lib/utils.ts">
        <metrics statements="4" coveredstatements="4" conditionals="0" coveredconditionals="0" methods="1" coveredmethods="1"/>
        <line num="1" count="1" type="stmt"/>
        <line num="2" count="1" type="stmt"/>
        <line num="4" count="4" type="stmt"/>
        <line num="5" count="4" type="stmt"/>
      </file>
    </package>
    <package name="lib.payments">
      <metrics statements="8" coveredstatements="8" conditionals="5" coveredconditionals="5" methods="3" coveredmethods="3"/>
      <file name="validation.ts" path="/Users/maxi/Desktop/Cursor/workpod/frontend/src/lib/payments/validation.ts">
        <metrics statements="8" coveredstatements="8" conditionals="5" coveredconditionals="5" methods="3" coveredmethods="3"/>
        <line num="1" count="1" type="stmt"/>
        <line num="4" count="12" type="stmt"/>
        <line num="6" count="6" type="cond" truecount="2" falsecount="0"/>
        <line num="10" count="3" type="cond" truecount="3" falsecount="0"/>
        <line num="11" count="2" type="stmt"/>
        <line num="12" count="2" type="stmt"/>
        <line num="14" count="1" type="stmt"/>
        <line num="18" count="4" type="stmt"/>
      </file>
    </package>
    <package name="utils">
      <metrics statements="3" coveredstatements="2" conditionals="5" coveredconditionals="0" methods="1" coveredmethods="1"/>
      <file name="debug.ts" path="/Users/maxi/Desktop/Cursor/workpod/frontend/src/utils/debug.ts">
        <metrics statements="3" coveredstatements="2" conditionals="5" coveredconditionals="0" methods="1" coveredmethods="1"/>
        <line num="1" count="2" type="stmt"/>
        <line num="2" count="2" type="cond" truecount="0" falsecount="1"/>
        <line num="3" count="0" type="stmt"/>
      </file>
    </package>
  </project>
</coverage>
