{"/Users/maxi/Desktop/Cursor/workpod/frontend/src/components/ui/Button/Button.tsx": {"path":"/Users/maxi/Desktop/Cursor/workpod/frontend/src/components/ui/Button/Button.tsx","statementMap":{"0":{"start":{"line":42,"column":13},"end":{"line":42,"column":22}},"1":{"start":{"line":1,"column":18},"end":{"line":1,"column":null}},"2":{"start":{"line":2,"column":39},"end":{"line":2,"column":null}},"3":{"start":{"line":3,"column":19},"end":{"line":3,"column":null}},"4":{"start":{"line":5,"column":23},"end":{"line":33,"column":null}},"5":{"start":{"line":42,"column":22},"end":{"line":54,"column":null}},"6":{"start":{"line":57,"column":0},"end":{"line":57,"column":null}}},"fnMap":{"0":{"name":"(anonymous_2)","decl":{"start":{"line":43,"column":2},"end":{"line":43,"column":3}},"loc":{"start":{"line":43,"column":73},"end":{"line":54,"column":null}}}},"branchMap":{"0":{"loc":{"start":{"line":51,"column":9},"end":{"line":51,"column":null}},"type":"cond-expr","locations":[{"start":{"line":51,"column":19},"end":{"line":51,"column":34}},{"start":{"line":51,"column":34},"end":{"line":51,"column":null}}]}},"s":{"0":4,"1":1,"2":1,"3":1,"4":1,"5":1,"6":1},"f":{"0":4},"b":{"0":[2,2]}}
,"/Users/maxi/Desktop/Cursor/workpod/frontend/src/lib/utils.ts": {"path":"/Users/maxi/Desktop/Cursor/workpod/frontend/src/lib/utils.ts","statementMap":{"0":{"start":{"line":4,"column":16},"end":{"line":4,"column":19}},"1":{"start":{"line":1,"column":38},"end":{"line":1,"column":null}},"2":{"start":{"line":2,"column":24},"end":{"line":2,"column":null}},"3":{"start":{"line":5,"column":2},"end":{"line":5,"column":null}}},"fnMap":{"0":{"name":"cn","decl":{"start":{"line":4,"column":16},"end":{"line":4,"column":19}},"loc":{"start":{"line":4,"column":42},"end":{"line":6,"column":null}}}},"branchMap":{},"s":{"0":4,"1":1,"2":1,"3":4},"f":{"0":4},"b":{}}
,"/Users/maxi/Desktop/Cursor/workpod/frontend/src/lib/payments/validation.ts": {"path":"/Users/maxi/Desktop/Cursor/workpod/frontend/src/lib/payments/validation.ts","statementMap":{"0":{"start":{"line":4,"column":13},"end":{"line":4,"column":33}},"1":{"start":{"line":1,"column":25},"end":{"line":1,"column":null}},"2":{"start":{"line":4,"column":33},"end":{"line":20,"column":null}},"3":{"start":{"line":6,"column":8},"end":{"line":6,"column":46}},"4":{"start":{"line":10,"column":8},"end":{"line":13,"column":null}},"5":{"start":{"line":11,"column":12},"end":{"line":11,"column":null}},"6":{"start":{"line":12,"column":12},"end":{"line":12,"column":null}},"7":{"start":{"line":14,"column":8},"end":{"line":14,"column":null}},"8":{"start":{"line":18,"column":8},"end":{"line":18,"column":null}}},"fnMap":{"0":{"name":"(anonymous_1)","decl":{"start":{"line":5,"column":4},"end":{"line":5,"column":19}},"loc":{"start":{"line":5,"column":33},"end":{"line":7,"column":null}}},"1":{"name":"(anonymous_2)","decl":{"start":{"line":9,"column":4},"end":{"line":9,"column":26}},"loc":{"start":{"line":9,"column":47},"end":{"line":15,"column":null}}},"2":{"name":"(anonymous_3)","decl":{"start":{"line":17,"column":4},"end":{"line":17,"column":26}},"loc":{"start":{"line":17,"column":47},"end":{"line":19,"column":null}}}},"branchMap":{"0":{"loc":{"start":{"line":6,"column":15},"end":{"line":6,"column":46}},"type":"binary-expr","locations":[{"start":{"line":6,"column":15},"end":{"line":6,"column":29}},{"start":{"line":6,"column":29},"end":{"line":6,"column":46}}]},"1":{"loc":{"start":{"line":10,"column":8},"end":{"line":13,"column":null}},"type":"if","locations":[{"start":{"line":10,"column":8},"end":{"line":13,"column":null}}]},"2":{"loc":{"start":{"line":10,"column":12},"end":{"line":10,"column":40}},"type":"binary-expr","locations":[{"start":{"line":10,"column":12},"end":{"line":10,"column":22}},{"start":{"line":10,"column":26},"end":{"line":10,"column":40}}]}},"s":{"0":12,"1":1,"2":1,"3":6,"4":3,"5":2,"6":2,"7":1,"8":4},"f":{"0":6,"1":3,"2":4},"b":{"0":[6,4],"1":[2],"2":[3,2]}}
,"/Users/maxi/Desktop/Cursor/workpod/frontend/src/utils/debug.ts": {"path":"/Users/maxi/Desktop/Cursor/workpod/frontend/src/utils/debug.ts","statementMap":{"0":{"start":{"line":1,"column":13},"end":{"line":1,"column":24}},"1":{"start":{"line":1,"column":24},"end":{"line":9,"column":null}},"2":{"start":{"line":2,"column":4},"end":{"line":8,"column":null}},"3":{"start":{"line":3,"column":8},"end":{"line":6,"column":null}}},"fnMap":{"0":{"name":"(anonymous_1)","decl":{"start":{"line":1,"column":24},"end":{"line":1,"column":25}},"loc":{"start":{"line":1,"column":60},"end":{"line":9,"column":null}}}},"branchMap":{"0":{"loc":{"start":{"line":2,"column":4},"end":{"line":8,"column":null}},"type":"if","locations":[{"start":{"line":2,"column":4},"end":{"line":8,"column":null}}]},"1":{"loc":{"start":{"line":5,"column":12},"end":{"line":5,"column":null}},"type":"binary-expr","locations":[{"start":{"line":5,"column":12},"end":{"line":5,"column":20}},{"start":{"line":5,"column":20},"end":{"line":5,"column":null}}]},"2":{"loc":{"start":{"line":6,"column":22},"end":{"line":6,"column":77}},"type":"binary-expr","locations":[{"start":{"line":6,"column":22},"end":{"line":6,"column":67}},{"start":{"line":6,"column":67},"end":{"line":6,"column":77}}]}},"s":{"0":2,"1":1,"2":2,"3":0},"f":{"0":2},"b":{"0":[0],"1":[0,0],"2":[0,0]}}
}
