TN:
SF:src/components/ui/Button/Button.tsx
FN:43,(anonymous_2)
FNF:1
FNH:1
FNDA:4,(anonymous_2)
DA:1,1
DA:2,1
DA:3,1
DA:5,1
DA:42,4
DA:57,1
LF:6
LH:6
BRDA:51,0,0,2
BRDA:51,0,1,2
BRF:2
BRH:2
end_of_record
TN:
SF:src/lib/utils.ts
FN:4,cn
FNF:1
FNH:1
FNDA:4,cn
DA:1,1
DA:2,1
DA:4,4
DA:5,4
LF:4
LH:4
BRF:0
BRH:0
end_of_record
TN:
SF:src/lib/payments/validation.ts
FN:5,(anonymous_1)
FN:9,(anonymous_2)
FN:17,(anonymous_3)
FNF:3
FNH:3
FNDA:6,(anonymous_1)
FNDA:3,(anonymous_2)
FNDA:4,(anonymous_3)
DA:1,1
DA:4,12
DA:6,6
DA:10,3
DA:11,2
DA:12,2
DA:14,1
DA:18,4
LF:8
LH:8
BRDA:6,0,0,6
BRDA:6,0,1,4
BRDA:10,1,0,2
BRDA:10,2,0,3
BRDA:10,2,1,2
BRF:5
BRH:5
end_of_record
TN:
SF:src/utils/debug.ts
FN:1,(anonymous_1)
FNF:1
FNH:1
FNDA:2,(anonymous_1)
DA:1,2
DA:2,2
DA:3,0
LF:3
LH:2
BRDA:2,0,0,0
BRDA:5,1,0,0
BRDA:5,1,1,0
BRDA:6,2,0,0
BRDA:6,2,1,0
BRF:5
BRH:0
end_of_record
